<?xml version="1.0" encoding="UTF-8"?>
<!-- Generated by org.testng.reporters.JUnitXMLReporter -->
<testsuite hostname="DESKTOP-IN0A9H5" ignored="8" name="TestExcecution1" tests="5" failures="0" timestamp="2021-10-08T13:15:39 IST" time="397.387" errors="0">
  <testcase name="@BeforeClass launchBrowser" time="133.45" classname="com.crm.vtiger.GenericUtils.Base">
    <failure type="org.openqa.selenium.TimeoutException" message="No connection could be made because the target machine actively refused it. (os error 10061)
Build info: version: &amp;apos;3.141.59&amp;apos;, revision: &amp;apos;e82be7d358&amp;apos;, time: &amp;apos;2018-11-14T08:17:03&amp;apos;
System info: host: &amp;apos;DESKTOP-IN0A9H5&amp;apos;, ip: &amp;apos;192.168.125.1&amp;apos;, os.name: &amp;apos;Windows 10&amp;apos;, os.arch: &amp;apos;amd64&amp;apos;, os.version: &amp;apos;10.0&amp;apos;, java.version: &amp;apos;1.8.0_201&amp;apos;
Driver info: driver.version: FirefoxDriver
remote stacktrace: ">
      <![CDATA[org.openqa.selenium.TimeoutException: No connection could be made because the target machine actively refused it. (os error 10061)
Build info: version: '3.141.59', revision: 'e82be7d358', time: '2018-11-14T08:17:03'
System info: host: 'DESKTOP-IN0A9H5', ip: '192.168.125.1', os.name: 'Windows 10', os.arch: 'amd64', os.version: '10.0', java.version: '1.8.0_201'
Driver info: driver.version: FirefoxDriver
remote stacktrace: 
at org.openqa.selenium.remote.W3CHandshakeResponse.lambda$errorHandler$0(W3CHandshakeResponse.java:62)
at org.openqa.selenium.remote.HandshakeResponse.lambda$getResponseFunction$0(HandshakeResponse.java:30)
at org.openqa.selenium.remote.ProtocolHandshake.lambda$createSession$0(ProtocolHandshake.java:126)
at java.util.stream.ReferencePipeline$3$1.accept(ReferencePipeline.java:193)
at java.util.Spliterators$ArraySpliterator.tryAdvance(Spliterators.java:958)
at java.util.stream.ReferencePipeline.forEachWithCancel(ReferencePipeline.java:126)
at java.util.stream.AbstractPipeline.copyIntoWithCancel(AbstractPipeline.java:498)
at java.util.stream.AbstractPipeline.copyInto(AbstractPipeline.java:485)
at java.util.stream.AbstractPipeline.wrapAndCopyInto(AbstractPipeline.java:471)
at java.util.stream.FindOps$FindOp.evaluateSequential(FindOps.java:152)
at java.util.stream.AbstractPipeline.evaluate(AbstractPipeline.java:234)
at java.util.stream.ReferencePipeline.findFirst(ReferencePipeline.java:464)
at org.openqa.selenium.remote.ProtocolHandshake.createSession(ProtocolHandshake.java:128)
at org.openqa.selenium.remote.ProtocolHandshake.createSession(ProtocolHandshake.java:74)
at org.openqa.selenium.remote.HttpCommandExecutor.execute(HttpCommandExecutor.java:136)
at org.openqa.selenium.remote.service.DriverCommandExecutor.execute(DriverCommandExecutor.java:83)
at org.openqa.selenium.remote.RemoteWebDriver.execute(RemoteWebDriver.java:552)
at org.openqa.selenium.remote.RemoteWebDriver.startSession(RemoteWebDriver.java:213)
at org.openqa.selenium.remote.RemoteWebDriver.<init>(RemoteWebDriver.java:131)
at org.openqa.selenium.firefox.FirefoxDriver.<init>(FirefoxDriver.java:147)
at org.openqa.selenium.firefox.FirefoxDriver.<init>(FirefoxDriver.java:125)
at com.crm.vtiger.GenericUtils.Base.launchBrowser(Base.java:63)
at java.util.ArrayList.forEach(ArrayList.java:1257)
at java.util.concurrent.FutureTask.run(FutureTask.java:266)
at java.util.concurrent.ThreadPoolExecutor.runWorker(ThreadPoolExecutor.java:1149)
at java.util.concurrent.ThreadPoolExecutor$Worker.run(ThreadPoolExecutor.java:624)
at java.lang.Thread.run(Thread.java:748)
... Removed 20 stack frames]]>
    </failure>
  </testcase> <!-- @BeforeClass launchBrowser -->
  <testcase name="@BeforeMethod loginToApp" time="-1.633678874831E9" classname="com.crm.vtiger.GenericUtils.Base">
    <skipped/>
  </testcase> <!-- @BeforeMethod loginToApp -->
  <testcase name="@AfterMethod logoutofApp" time="-1.633678874931E9" classname="com.crm.vtiger.GenericUtils.Base">
    <skipped/>
  </testcase> <!-- @AfterMethod logoutofApp -->
  <testcase name="@AfterClass closeBrowser" time="-1.633678874935E9" classname="com.crm.vtiger.GenericUtils.Base">
    <skipped/>
  </testcase> <!-- @AfterClass closeBrowser -->
  <testcase name="TestCase_11" time="37.457" classname="com.Vtiger.testScript.TC_01CreateLead"/>
  <testcase name="TestCase_12" time="13.275" classname="com.Vtiger.testScript.TC_02CreateLead"/>
  <testcase name="TestCase_13" time="71.444" classname="com.Vtiger.testScript.TC_03CreateLead"/>
  <testcase name="TestCase_14" time="13.088" classname="com.Vtiger.testScript.TC_04CreateLead"/>
  <testcase name="TestCase_15" time="24.684" classname="com.Vtiger.testScript.TC_05CreateLead"/>
  <testcase name="@AfterSuite closeDB" time="0.0" classname="com.crm.vtiger.GenericUtils.Base">
    <ignored/>
  </testcase> <!-- @AfterSuite closeDB -->
  <testcase name="@AfterSuite closeDB" time="0.0" classname="com.crm.vtiger.GenericUtils.Base">
    <ignored/>
  </testcase> <!-- @AfterSuite closeDB -->
  <testcase name="@AfterSuite closeDB" time="0.0" classname="com.crm.vtiger.GenericUtils.Base">
    <ignored/>
  </testcase> <!-- @AfterSuite closeDB -->
  <testcase name="@AfterSuite closeDB" time="0.0" classname="com.crm.vtiger.GenericUtils.Base">
    <ignored/>
  </testcase> <!-- @AfterSuite closeDB -->
  <testcase name="@BeforeSuite connectDB" time="0.0" classname="com.crm.vtiger.GenericUtils.Base">
    <ignored/>
  </testcase> <!-- @BeforeSuite connectDB -->
  <testcase name="@BeforeSuite connectDB" time="0.0" classname="com.crm.vtiger.GenericUtils.Base">
    <ignored/>
  </testcase> <!-- @BeforeSuite connectDB -->
  <testcase name="@BeforeSuite connectDB" time="0.0" classname="com.crm.vtiger.GenericUtils.Base">
    <ignored/>
  </testcase> <!-- @BeforeSuite connectDB -->
  <testcase name="@BeforeSuite connectDB" time="0.0" classname="com.crm.vtiger.GenericUtils.Base">
    <ignored/>
  </testcase> <!-- @BeforeSuite connectDB -->
</testsuite> <!-- TestExcecution1 -->
