<?xml version="1.0" encoding="UTF-8"?>
<!-- Generated by org.testng.reporters.JUnitXMLReporter -->
<testsuite hostname="DESKTOP-IN0A9H5" ignored="10" name="Test" tests="3" failures="0" timestamp="2021-10-08T11:14:20 IST" time="112.174" errors="0">
  <testcase name="TestCase_11" time="48.183" classname="com.Vtiger.testScript.TC_01CreateLead"/>
  <testcase name="TestCase_13" time="15.595" classname="com.Vtiger.testScript.TC_03CreateLead"/>
  <testcase name="TestCase_15" time="12.733" classname="com.Vtiger.testScript.TC_05CreateLead"/>
  <testcase name="TestCase_14" time="0.0" classname="com.Vtiger.testScript.TC_04CreateLead">
    <ignored/>
  </testcase> <!-- TestCase_14 -->
  <testcase name="TestCase_12" time="0.0" classname="com.Vtiger.testScript.TC_02CreateLead">
    <ignored/>
  </testcase> <!-- TestCase_12 -->
  <testcase name="@AfterSuite closeDB" time="0.0" classname="com.crm.vtiger.GenericUtils.Base">
    <ignored/>
  </testcase> <!-- @AfterSuite closeDB -->
  <testcase name="@AfterSuite closeDB" time="0.0" classname="com.crm.vtiger.GenericUtils.Base">
    <ignored/>
  </testcase> <!-- @AfterSuite closeDB -->
  <testcase name="@AfterSuite closeDB" time="0.0" classname="com.crm.vtiger.GenericUtils.Base">
    <ignored/>
  </testcase> <!-- @AfterSuite closeDB -->
  <testcase name="@AfterSuite closeDB" time="0.0" classname="com.crm.vtiger.GenericUtils.Base">
    <ignored/>
  </testcase> <!-- @AfterSuite closeDB -->
  <testcase name="@BeforeSuite connectDB" time="0.0" classname="com.crm.vtiger.GenericUtils.Base">
    <ignored/>
  </testcase> <!-- @BeforeSuite connectDB -->
  <testcase name="@BeforeSuite connectDB" time="0.0" classname="com.crm.vtiger.GenericUtils.Base">
    <ignored/>
  </testcase> <!-- @BeforeSuite connectDB -->
  <testcase name="@BeforeSuite connectDB" time="0.0" classname="com.crm.vtiger.GenericUtils.Base">
    <ignored/>
  </testcase> <!-- @BeforeSuite connectDB -->
  <testcase name="@BeforeSuite connectDB" time="0.0" classname="com.crm.vtiger.GenericUtils.Base">
    <ignored/>
  </testcase> <!-- @BeforeSuite connectDB -->
</testsuite> <!-- Test -->
